        -:    0:Source:/mnt/c/МГТУ/_Технопарк/try_2/Cpp/test_code/test_git/tests/test_fib.cpp
        -:    1:#include <gtest/gtest.h>
        -:    2:
        -:    3:#include "fib.h"
        -:    4:
        2:    5:TEST(Fib, TestBasics) {
       1*:    6:    EXPECT_EQ(1, fib(1));
        -:    7:    // EXPECT_EQ(1, fib(2));
        1:    8:}
------------------
_ZN19Fib_TestBasics_Test8TestBodyEv:
function _ZN19Fib_TestBasics_Test8TestBodyEv called 1 returned 100% blocks executed 27%
        1:    5:TEST(Fib, TestBasics) {
       1*:    6:    EXPECT_EQ(1, fib(1));
call    0 returned 100%
branch  1 taken 100% (fallthrough)
branch  2 taken 0% (throw)
call    3 returned 100%
branch  4 taken 100% (fallthrough)
branch  5 taken 0% (throw)
call    6 returned 100%
branch  7 taken 0% (fallthrough)
branch  8 taken 100%
call    9 never executed
branch 10 never executed
branch 11 never executed
call   12 never executed
call   13 never executed
branch 14 never executed
branch 15 never executed
call   16 never executed
branch 17 never executed
branch 18 never executed
call   19 never executed
call   20 never executed
call   21 returned 100%
call   22 never executed
call   23 never executed
call   24 never executed
        -:    7:    // EXPECT_EQ(1, fib(2));
        1:    8:}
------------------
_ZN19Fib_TestBasics_TestC2Ev:
function _ZN19Fib_TestBasics_TestC2Ev called 1 returned 100% blocks executed 100%
        1:    5:TEST(Fib, TestBasics) {
call    0 returned 100%
------------------
        -:    9:
        -:   10:// TEST(Fib, Test10) {
        -:   11://     EXPECT_EQ(55, fib(10));
        -:   12:// }
