        -:    0:Source:/mnt/c/МГТУ/_Технопарк/try_2/Cpp/test_code/test_git/fib_lib/src/fib.cpp
        -:    0:Source is newer than graph
        -:    1:#include <iostream>
        -:    2:#include "fib.h"
        -:    3:
function _Z3fibi called 68 returned 100% blocks executed 100%
       68:    4:int fib(int n) {
       68:    5:    if (n <= 1)
branch  0 taken 51% (fallthrough)
branch  1 taken 49%
        -:    6:    {
       35:    7:        return n;
        -:    8:    }
       33:    9:    return fib(n - 1) + fib(n - 2);
call    0 returned 100%
call    1 returned 100%
        -:   10:}
        -:   11:
function _Z3foov called 0 returned 0% blocks executed 0%
    #####:   12:void foo()
        -:   13:{
    #####:   14:    std::cout << "hello" << std::endl;
call    0 never executed
call    1 never executed
    #####:   15:}
